2023-11-07 16:21:19,712:INFO: -------- Dataset Build! --------
2023-11-07 16:21:19,712:INFO: -------- Get Dataloader! --------
2023-11-07 16:21:41,122:INFO: Epoch: 1, loss: 2.0322322845458984
2023-11-07 16:21:49,307:INFO: Epoch: 1, Dev loss: 1.3048652410507202, Bleu Score: 1.3961622033237773
2023-11-07 16:21:49,519:INFO: -------- Save Best Model! --------
2023-11-07 16:22:10,521:INFO: Epoch: 2, loss: 1.303468108177185
2023-11-07 16:22:17,918:INFO: Epoch: 2, Dev loss: 1.1498596668243408, Bleu Score: 2.619291263302726
2023-11-07 16:22:18,412:INFO: -------- Save Best Model! --------
2023-11-07 16:22:39,501:INFO: Epoch: 3, loss: 1.1333097219467163
2023-11-07 16:22:46,317:INFO: Epoch: 3, Dev loss: 1.0170023441314697, Bleu Score: 4.563854770786358
2023-11-07 16:22:46,817:INFO: -------- Save Best Model! --------
2023-11-07 16:23:07,940:INFO: Epoch: 4, loss: 1.0228174924850464
2023-11-07 16:23:13,833:INFO: Epoch: 4, Dev loss: 0.9650769233703613, Bleu Score: 10.515939801063245
2023-11-07 16:23:14,329:INFO: -------- Save Best Model! --------
2023-11-07 16:23:35,492:INFO: Epoch: 5, loss: 0.9758074879646301
2023-11-07 16:23:41,123:INFO: Epoch: 5, Dev loss: 0.9770292043685913, Bleu Score: 8.373932781269053
2023-11-07 16:23:41,123:INFO: Early Stop Left: 4
2023-11-07 16:24:02,235:INFO: Epoch: 6, loss: 0.9429383873939514
2023-11-07 16:24:08,558:INFO: Epoch: 6, Dev loss: 0.9444554448127747, Bleu Score: 8.104245524517049
2023-11-07 16:24:08,558:INFO: Early Stop Left: 3
2023-11-07 16:24:29,730:INFO: Epoch: 7, loss: 0.9244001507759094
2023-11-07 16:24:35,849:INFO: Epoch: 7, Dev loss: 0.9201890826225281, Bleu Score: 10.983376897009496
2023-11-07 16:24:36,326:INFO: -------- Save Best Model! --------
2023-11-07 16:24:57,226:INFO: Epoch: 8, loss: 0.9101946353912354
2023-11-07 16:25:03,163:INFO: Epoch: 8, Dev loss: 0.9244630336761475, Bleu Score: 14.21888059249921
2023-11-07 16:25:03,687:INFO: -------- Save Best Model! --------
2023-11-07 16:25:24,448:INFO: Epoch: 9, loss: 0.8993332982063293
2023-11-07 16:25:30,733:INFO: Epoch: 9, Dev loss: 0.9038887619972229, Bleu Score: 9.544073342632304
2023-11-07 16:25:30,734:INFO: Early Stop Left: 4
2023-11-07 16:25:51,460:INFO: Epoch: 10, loss: 0.8900433778762817
2023-11-07 16:25:57,989:INFO: Epoch: 10, Dev loss: 0.9107093214988708, Bleu Score: 8.233579682488973
2023-11-07 16:25:57,989:INFO: Early Stop Left: 3
2023-11-07 16:26:18,771:INFO: Epoch: 11, loss: 0.8841956257820129
2023-11-07 16:26:25,017:INFO: Epoch: 11, Dev loss: 0.917219340801239, Bleu Score: 10.994851530695193
2023-11-07 16:26:25,017:INFO: Early Stop Left: 2
2023-11-07 16:26:45,742:INFO: Epoch: 12, loss: 0.8798152208328247
2023-11-07 16:26:51,856:INFO: Epoch: 12, Dev loss: 0.8925653696060181, Bleu Score: 10.479157803305629
2023-11-07 16:26:51,856:INFO: Early Stop Left: 1
2023-11-07 16:27:12,634:INFO: Epoch: 13, loss: 0.8686640858650208
2023-11-07 16:27:18,908:INFO: Epoch: 13, Dev loss: 0.8936360478401184, Bleu Score: 13.73821673019062
2023-11-07 16:27:18,908:INFO: Early Stop Left: 0
2023-11-07 16:27:18,908:INFO: -------- Early Stop! --------
2023-11-07 16:27:24,628:INFO: Test loss: 0.9386857748031616,  Bleu Score: 10.342339579725397
